{
  "RSpec": {
    "coverage": {
      "/Users/stephen/Projects/leads_tracker/leads_tracker_api/app/models/customer.rb": {
        "lines": [
          1,
          1,
          null
        ]
      },
      "/Users/stephen/Projects/leads_tracker/leads_tracker_api/app/models/application_record.rb": {
        "lines": [
          1,
          1,
          null
        ]
      },
      "/Users/stephen/Projects/leads_tracker/leads_tracker_api/app/controllers/api/v1/customers_controller.rb": {
        "lines": [
          1,
          1,
          1,
          null,
          null,
          1,
          1,
          null,
          null,
          1,
          1,
          null,
          null,
          1,
          1,
          null,
          null,
          1,
          1,
          null,
          null,
          1,
          null,
          1,
          2,
          null,
          null,
          null,
          null
        ]
      },
      "/Users/stephen/Projects/leads_tracker/leads_tracker_api/app/controllers/application_controller.rb": {
        "lines": [
          1,
          null
        ]
      },
      "/Users/stephen/Projects/leads_tracker/leads_tracker_api/app/controllers/api/v1/users_controller.rb": {
        "lines": [
          1,
          1,
          3,
          3,
          3,
          3,
          2,
          2,
          null,
          1,
          null,
          null,
          null,
          1,
          2,
          2,
          2,
          1,
          null,
          1,
          null,
          null,
          null,
          1,
          null,
          1,
          5,
          null,
          null
        ]
      },
      "/Users/stephen/Projects/leads_tracker/leads_tracker_api/app/models/user.rb": {
        "lines": [
          1,
          1,
          null,
          1,
          1,
          null,
          1,
          null
        ]
      },
      "/Users/stephen/Projects/leads_tracker/leads_tracker_api/app/channels/application_cable/channel.rb": {
        "lines": [
          0,
          0,
          0,
          0
        ],
        "branches": {
        }
      },
      "/Users/stephen/Projects/leads_tracker/leads_tracker_api/app/channels/application_cable/connection.rb": {
        "lines": [
          0,
          0,
          0,
          0
        ],
        "branches": {
        }
      },
      "/Users/stephen/Projects/leads_tracker/leads_tracker_api/app/jobs/application_job.rb": {
        "lines": [
          0,
          null,
          null,
          null,
          null,
          null,
          0
        ],
        "branches": {
        }
      },
      "/Users/stephen/Projects/leads_tracker/leads_tracker_api/app/mailers/application_mailer.rb": {
        "lines": [
          0,
          0,
          0,
          0
        ],
        "branches": {
        }
      }
    },
    "timestamp": 1722813879
  }
}
